<?xml version="1.0" encoding="UTF-8"?>
<!-- Generated by org.testng.reporters.JUnitReportReporter -->
<testsuite hostname="araks-GA-MA74GMT-S2" name="com.itc7.KaprekarTest" tests="1" failures="0" timestamp="26 Apr 2016 07:50:20 GMT" time="0.003" errors="0">
  <testcase name="testForToDigit" time="0.003" classname="com.itc7.KaprekarTest"/>
</testsuite> <!-- com.itc7.KaprekarTest -->
