<?xml version="1.0" encoding="UTF-8"?>
<!-- Generated by org.testng.reporters.JUnitReportReporter -->
<testsuite hostname="smb888-Lenovo-G50-45" name="com.itc7.AppTest" tests="2" failures="0" timestamp="25 Apr 2016 18:41:19 GMT" time="0.009" errors="0">
  <testcase name="minNumTest" time="0.001" classname="com.itc7.AppTest"/>
  <testcase name="maxNumTest" time="0.008" classname="com.itc7.AppTest"/>
</testsuite> <!-- com.itc7.AppTest -->
