<?xml version="1.0" encoding="UTF-8"?>
<!-- Generated by org.testng.reporters.JUnitReportReporter -->
<testsuite hostname="student-NFORCE6M-A2" name="com.itc7.kaprekar.AppTest" tests="1" failures="0" timestamp="25 Apr 2016 13:37:21 GMT" time="0.007" errors="0">
  <testcase name="positiveTest" time="0.007" classname="com.itc7.kaprekar.AppTest"/>
</testsuite> <!-- com.itc7.kaprekar.AppTest -->
